<?xml version="1.0" encoding="UTF-8"?>
<testng-results ignored="2" total="3" passed="0" failed="1" skipped="0">
  <reporter-output>
  </reporter-output>
  <suite started-at="2022-10-18T17:20:07 IST" name="Default suite" finished-at="2022-10-18T17:31:26 IST" duration-ms="679525">
    <groups>
    </groups>
    <test started-at="2022-10-18T17:20:07 IST" name="Default test" finished-at="2022-10-18T17:31:26 IST" duration-ms="679525">
      <class name="com.Automation.Testcases.DocumentPreReq_Test">
        <test-method is-config="true" signature="setup1()[pri:0, instance:com.Automation.Testcases.DocumentPreReq_Test@55322aab]" started-at="2022-10-18T17:20:07 IST" name="setup1" finished-at="2022-10-18T17:20:10 IST" duration-ms="3391" status="PASS">
          <reporter-output>
          </reporter-output>
        </test-method> <!-- setup1 -->
        <test-method signature="DocumentAnexxureTask(java.lang.String,java.lang.String,java.lang.String,java.lang.String)[pri:3, instance:com.Automation.Testcases.DocumentPreReq_Test@55322aab]" started-at="2022-10-18T17:20:11 IST" name="DocumentAnexxureTask" data-provider="DocTask" finished-at="2022-10-18T17:31:22 IST" duration-ms="671353" status="FAIL">
          <params>
            <param index="0">
              <value>
                <![CDATA[DPR Performance testing_120013-00013-000]]>
              </value>
            </param>
            <param index="1">
              <value>
                <![CDATA[Changing details]]>
              </value>
            </param>
            <param index="2">
              <value>
                <![CDATA[Docunivalunicode5]]>
              </value>
            </param>
            <param index="3">
              <value>
                <![CDATA[DocSoapvalue5]]>
              </value>
            </param>
          </params>
          <exception class="org.openqa.selenium.NoSuchFrameException">
            <message>
              <![CDATA[No frame element found by name or id bodyFrame
Build info: version: '3.4.0', revision: 'unknown', time: 'unknown'
System info: host: 'CAL4013', ip: '10.10.4.13', os.name: 'Windows 10', os.arch: 'amd64', os.version: '10.0', java.version: '17.0.4'
Driver info: driver.version: unknown]]>
            </message>
            <full-stacktrace>
              <![CDATA[org.openqa.selenium.NoSuchFrameException: No frame element found by name or id bodyFrame
Build info: version: '3.4.0', revision: 'unknown', time: 'unknown'
System info: host: 'CAL4013', ip: '10.10.4.13', os.name: 'Windows 10', os.arch: 'amd64', os.version: '10.0', java.version: '17.0.4'
Driver info: driver.version: unknown
at org.openqa.selenium.remote.RemoteWebDriver$RemoteTargetLocator.frame(RemoteWebDriver.java:973)
at com.Automation.Base.ActionEngine.switchToBodyFrame(ActionEngine.java:494)
at com.Automation.Pages.DocumentPreReq.Document_preparation_Registration(DocumentPreReq.java:73)
at com.Automation.Testcases.DocumentPreReq_Test.DocumentAnexxureTask(DocumentPreReq_Test.java:64)
at java.base/jdk.internal.reflect.NativeMethodAccessorImpl.invoke0(Native Method)
at java.base/jdk.internal.reflect.NativeMethodAccessorImpl.invoke(NativeMethodAccessorImpl.java:77)
at java.base/jdk.internal.reflect.DelegatingMethodAccessorImpl.invoke(DelegatingMethodAccessorImpl.java:43)
at java.base/java.lang.reflect.Method.invoke(Method.java:568)
at org.testng.internal.MethodInvocationHelper.invokeMethod(MethodInvocationHelper.java:133)
at org.testng.internal.TestInvoker.invokeMethod(TestInvoker.java:598)
at org.testng.internal.TestInvoker.invokeTestMethod(TestInvoker.java:173)
at org.testng.internal.MethodRunner.runInSequence(MethodRunner.java:46)
at org.testng.internal.TestInvoker$MethodInvocationAgent.invoke(TestInvoker.java:824)
at org.testng.internal.TestInvoker.invokeTestMethods(TestInvoker.java:146)
at org.testng.internal.TestMethodWorker.invokeTestMethods(TestMethodWorker.java:146)
at org.testng.internal.TestMethodWorker.run(TestMethodWorker.java:128)
at java.base/java.util.ArrayList.forEach(ArrayList.java:1511)
at org.testng.TestRunner.privateRun(TestRunner.java:794)
at org.testng.TestRunner.run(TestRunner.java:596)
at org.testng.SuiteRunner.runTest(SuiteRunner.java:377)
at org.testng.SuiteRunner.runSequentially(SuiteRunner.java:371)
at org.testng.SuiteRunner.privateRun(SuiteRunner.java:332)
at org.testng.SuiteRunner.run(SuiteRunner.java:276)
at org.testng.SuiteRunnerWorker.runSuite(SuiteRunnerWorker.java:53)
at org.testng.SuiteRunnerWorker.run(SuiteRunnerWorker.java:96)
at org.testng.TestNG.runSuitesSequentially(TestNG.java:1212)
at org.testng.TestNG.runSuitesLocally(TestNG.java:1134)
at org.testng.TestNG.runSuites(TestNG.java:1063)
at org.testng.TestNG.run(TestNG.java:1031)
at org.testng.remote.AbstractRemoteTestNG.run(AbstractRemoteTestNG.java:115)
at org.testng.remote.RemoteTestNG.initAndRun(RemoteTestNG.java:251)
at org.testng.remote.RemoteTestNG.main(RemoteTestNG.java:77)
]]>
            </full-stacktrace>
          </exception> <!-- org.openqa.selenium.NoSuchFrameException -->
          <reporter-output>
          </reporter-output>
        </test-method> <!-- DocumentAnexxureTask -->
        <test-method is-config="true" signature="getResult(org.testng.ITestResult)[pri:0, instance:com.Automation.Testcases.DocumentPreReq_Test@55322aab]" started-at="2022-10-18T17:31:22 IST" name="getResult" finished-at="2022-10-18T17:31:22 IST" duration-ms="10" status="PASS">
          <params>
            <param index="0">
              <value>
                <![CDATA[[TestResult name=DocumentAnexxureTask status=FAILURE method=DocumentPreReq_Test.DocumentAnexxureTask(java.lang.String,java.lang.String,java.lang.String,java.lang.String)[pri:3, instance:com.Automation.Testcases.DocumentPreReq_Test@55322aab] output={null}]]]>
              </value>
            </param>
          </params>
          <reporter-output>
          </reporter-output>
        </test-method> <!-- getResult -->
        <test-method is-config="true" signature="afterTest()[pri:0, instance:com.Automation.Testcases.DocumentPreReq_Test@55322aab]" started-at="2022-10-18T17:31:22 IST" name="afterTest" finished-at="2022-10-18T17:31:26 IST" duration-ms="3608" status="PASS">
          <reporter-output>
          </reporter-output>
        </test-method> <!-- afterTest -->
      </class> <!-- com.Automation.Testcases.DocumentPreReq_Test -->
    </test> <!-- Default test -->
  </suite> <!-- Default suite -->
</testng-results>
